<?xml version="1.0" encoding="UTF-8"?>
<!-- Generated by org.testng.reporters.JUnitReportReporter -->
<testsuite hostname="QINFJ92TL3" failures="0" tests="4" name="ui.DataProviderDemoTestNew" time="12.802" errors="0" timestamp="2024-10-02T16:04:52 CEST" skipped="0">
  <testcase classname="ui.DataProviderDemoTestNew" name="test" time="5.909"/>
  <testcase classname="ui.DataProviderDemoTestNew" name="test" time="2.097"/>
  <testcase classname="ui.DataProviderDemoTestNew" name="test" time="2.682"/>
  <testcase classname="ui.DataProviderDemoTestNew" name="test" time="2.114"/>
</testsuite> <!-- ui.DataProviderDemoTestNew -->
