<?xml version="1.0" encoding="UTF-8"?>
<!-- Generated by org.testng.reporters.JUnitReportReporter -->
<testsuite hostname="QINFJ92TL3" failures="0" tests="1" name="ui.LoginTestParametars" time="9.453" errors="0" timestamp="2024-10-03T09:37:10 CEST" skipped="0">
  <testcase classname="ui.LoginTestParametars" name="launchApplication" time="9.453"/>
</testsuite> <!-- ui.LoginTestParametars -->
