<?xml version="1.0" encoding="UTF-8"?>
<!-- Generated by org.testng.reporters.JUnitReportReporter -->
<testsuite hostname="QINFJ92TL3" failures="0" tests="6" name="ui.SecondSkipListeners" time="0.009" errors="0" timestamp="2024-10-02T12:37:42 CEST" skipped="3">
  <testcase classname="ui.SecondSkipListeners" name="test3" time="0.001"/>
  <testcase classname="ui.SecondSkipListeners" name="test1" time="0.007"/>
  <testcase classname="ui.SecondSkipListeners" name="test5" time="0.001"/>
  <testcase classname="ui.SecondSkipListeners" name="test6" time="0.000">
    <skipped/>
  </testcase> <!-- test6 -->
  <testcase classname="ui.SecondSkipListeners" name="test2" time="0.000">
    <skipped/>
  </testcase> <!-- test2 -->
  <testcase classname="ui.SecondSkipListeners" name="test4" time="0.000">
    <skipped/>
  </testcase> <!-- test4 -->
</testsuite> <!-- ui.SecondSkipListeners -->
