<?xml version="1.0" encoding="UTF-8"?>
<!-- Generated by org.testng.reporters.JUnitReportReporter -->
<testsuite hostname="QINFJ92TL3" failures="0" tests="1" name="ui.VerifyTitleTest" time="5.810" errors="0" timestamp="2024-10-02T14:24:30 CEST" skipped="0">
  <testcase classname="ui.VerifyTitleTest" name="titleTest" time="5.810"/>
</testsuite> <!-- ui.VerifyTitleTest -->
