<?xml version="1.0" encoding="UTF-8"?>
<!-- Generated by org.testng.reporters.JUnitReportReporter -->
<testsuite hostname="QINFJ92TL3" failures="0" tests="4" name="ui.GroupDemoTest2" time="0.007" errors="0" timestamp="2024-10-03T10:38:40 CEST" skipped="0">
  <testcase classname="ui.GroupDemoTest2" name="bTest2" time="0.001"/>
  <testcase classname="ui.GroupDemoTest2" name="bTest1" time="0.005"/>
  <testcase classname="ui.GroupDemoTest2" name="bTest4" time="0.000"/>
  <testcase classname="ui.GroupDemoTest2" name="bTest3" time="0.001"/>
</testsuite> <!-- ui.GroupDemoTest2 -->
