<?xml version="1.0" encoding="UTF-8"?>
<!-- Generated by org.testng.reporters.JUnitReportReporter -->
<testsuite hostname="QINFJ92TL3" failures="0" tests="1" name="testemailsent.SalesforceLoginPage" time="20.204" errors="0" timestamp="2024-10-04T11:38:51 CEST" skipped="0">
  <testcase classname="testemailsent.SalesforceLoginPage" name="f" time="20.204"/>
</testsuite> <!-- testemailsent.SalesforceLoginPage -->
