<?xml version="1.0" encoding="UTF-8"?>
<!-- Generated by org.testng.reporters.JUnitReportReporter -->
<testsuite hostname="QINFJ92TL3" failures="0" tests="8" name="ui.DataProviderDemoTest" time="0.012" errors="0" timestamp="2024-10-02T16:18:37 CEST" skipped="0">
  <testcase classname="ui.DataProviderDemoTest" name="test" time="0.000"/>
  <testcase classname="ui.DataProviderDemoTest" name="test" time="0.001"/>
  <testcase classname="ui.DataProviderDemoTest" name="test" time="0.003"/>
  <testcase classname="ui.DataProviderDemoTest" name="test" time="0.001"/>
  <testcase classname="ui.DataProviderDemoTest" name="test" time="0.001"/>
  <testcase classname="ui.DataProviderDemoTest" name="test" time="0.006"/>
  <testcase classname="ui.DataProviderDemoTest" name="test" time="0.000"/>
  <testcase classname="ui.DataProviderDemoTest" name="test" time="0.000"/>
</testsuite> <!-- ui.DataProviderDemoTest -->
