<?xml version="1.0" encoding="UTF-8"?>
<!-- Generated by org.testng.reporters.JUnitReportReporter -->
<testsuite hostname="QINFJ92TL3" failures="0" tests="3" name="ui.SkipDemoTest" time="0.009" errors="0" timestamp="2024-10-02T11:57:03 CEST" skipped="3">
  <testcase classname="ui.SkipDemoTest" name="skipTest2" time="0.008">
    <skipped/>
  </testcase> <!-- skipTest2 -->
  <testcase classname="ui.SkipDemoTest" name="skipTest3" time="0.001">
    <skipped/>
  </testcase> <!-- skipTest3 -->
  <testcase classname="ui.SkipDemoTest" name="skipTest1">
    <skipped/>
  </testcase> <!-- skipTest1 -->
</testsuite> <!-- ui.SkipDemoTest -->
