<?xml version="1.0" encoding="UTF-8"?>
<!-- Generated by org.testng.reporters.JUnitReportReporter -->
<testsuite hostname="QINFJ92TL3" failures="0" tests="6" name="ui.SkipEverySecondTest" time="0.012" errors="0" timestamp="2024-10-02T12:25:30 CEST" skipped="3">
  <testcase classname="ui.SkipEverySecondTest" name="test1" time="0.009"/>
  <testcase classname="ui.SkipEverySecondTest" name="test3" time="0.002"/>
  <testcase classname="ui.SkipEverySecondTest" name="test5" time="0.001"/>
  <testcase classname="ui.SkipEverySecondTest" name="test6">
    <skipped/>
  </testcase> <!-- test6 -->
  <testcase classname="ui.SkipEverySecondTest" name="test4">
    <skipped/>
  </testcase> <!-- test4 -->
  <testcase classname="ui.SkipEverySecondTest" name="test2">
    <skipped/>
  </testcase> <!-- test2 -->
</testsuite> <!-- ui.SkipEverySecondTest -->
