<?xml version="1.0" encoding="UTF-8"?>
<!-- Generated by org.testng.reporters.JUnitReportReporter -->
<testsuite hostname="QINFJ92TL3" failures="0" tests="2" name="ui.LoginTest" time="0.009" errors="0" timestamp="2024-10-02T14:24:31 CEST" skipped="0">
  <testcase classname="ui.LoginTest" name="loginTest" time="0.007"/>
  <testcase classname="ui.LoginTest" name="logoutTest" time="0.002"/>
</testsuite> <!-- ui.LoginTest -->
