<?xml version="1.0" encoding="UTF-8"?>
<!-- Generated by org.testng.reporters.JUnitReportReporter -->
<testsuite hostname="QINFJ92TL3" failures="0" tests="6" name="ui.SkipSecondTest" time="0.010" errors="0" timestamp="2024-10-02T12:34:55 CEST" skipped="5">
  <testcase classname="ui.SkipSecondTest" name="test5" time="0.006">
    <skipped/>
  </testcase> <!-- test5 -->
  <testcase classname="ui.SkipSecondTest" name="test3" time="0.000">
    <skipped/>
  </testcase> <!-- test3 -->
  <testcase classname="ui.SkipSecondTest" name="test1" time="0.004"/>
  <testcase classname="ui.SkipSecondTest" name="test2" time="0.000">
    <skipped/>
  </testcase> <!-- test2 -->
  <testcase classname="ui.SkipSecondTest" name="test6" time="0.000">
    <skipped/>
  </testcase> <!-- test6 -->
  <testcase classname="ui.SkipSecondTest" name="test4" time="0.000">
    <skipped/>
  </testcase> <!-- test4 -->
</testsuite> <!-- ui.SkipSecondTest -->
