<?xml version="1.0" encoding="UTF-8"?>
<!-- Generated by org.testng.reporters.JUnitReportReporter -->
<testsuite hostname="QINFJ92TL3" failures="0" tests="4" name="ui.GroupDemoTest" time="0.001" errors="0" timestamp="2024-10-02T14:24:31 CEST" skipped="0">
  <testcase classname="ui.GroupDemoTest" name="bTest2" time="0.000"/>
  <testcase classname="ui.GroupDemoTest" name="bTest3" time="0.000"/>
  <testcase classname="ui.GroupDemoTest" name="bTest1" time="0.001"/>
  <testcase classname="ui.GroupDemoTest" name="bTest4" time="0.000"/>
</testsuite> <!-- ui.GroupDemoTest -->
