<?xml version="1.0" encoding="UTF-8"?>
<!-- Generated by org.testng.reporters.JUnitReportReporter -->
<testsuite hostname="QINFJ92TL3" failures="0" tests="2" name="ui.AssertionsAndAnnotations" time="8.337" errors="0" timestamp="2024-10-02T13:55:30 CEST" skipped="0">
  <testcase classname="ui.AssertionsAndAnnotations" name="titleTest" time="4.340"/>
  <testcase classname="ui.AssertionsAndAnnotations" name="textTest" time="3.997"/>
</testsuite> <!-- ui.AssertionsAndAnnotations -->
